2018-06-19T18:37:28:874 [01244] | INFO  | Initializing crosire's ReShade version '3.1.2.250' (32-bit) built on '2018-03-06 19:27:40' loaded from 'C:\Program Files (x86)\Windower4\d3d9.dll' to 'C:\Program Files (x86)\Windower4\Windower.exe' ...
2018-06-19T18:37:28:875 [01244] | INFO  | Installing hook for 'LoadLibraryA' at 0x75B457B0 with 0x6988DCF0 using method 1 ...
2018-06-19T18:37:28:875 [01244] | INFO  | > Succeeded.
2018-06-19T18:37:28:910 [01244] | INFO  | Installing hook for 'LoadLibraryExA' at 0x75B457D0 with 0x6988DEB0 using method 1 ...
2018-06-19T18:37:28:910 [01244] | INFO  | > Succeeded.
2018-06-19T18:37:28:950 [01244] | INFO  | Installing hook for 'LoadLibraryW' at 0x75B45810 with 0x6988DF80 using method 1 ...
2018-06-19T18:37:28:950 [01244] | INFO  | > Succeeded.
2018-06-19T18:37:29:004 [01244] | INFO  | Installing hook for 'LoadLibraryExW' at 0x75B457F0 with 0x6988E140 using method 1 ...
2018-06-19T18:37:29:004 [01244] | INFO  | > Succeeded.
2018-06-19T18:37:29:035 [01244] | INFO  | Registering hooks for 'C:\WINDOWS\system32\d3d9.dll' ...
2018-06-19T18:37:29:036 [01244] | INFO  | > Delayed until first call to an exported function.
2018-06-19T18:37:29:036 [01244] | INFO  | Registering hooks for 'C:\WINDOWS\system32\d3d10.dll' ...
2018-06-19T18:37:29:037 [01244] | INFO  | > Delayed.
2018-06-19T18:37:29:037 [01244] | INFO  | Registering hooks for 'C:\WINDOWS\system32\d3d10_1.dll' ...
2018-06-19T18:37:29:037 [01244] | INFO  | > Delayed.
2018-06-19T18:37:29:038 [01244] | INFO  | Registering hooks for 'C:\WINDOWS\system32\d3d11.dll' ...
2018-06-19T18:37:29:038 [01244] | INFO  | > Delayed.
2018-06-19T18:37:29:039 [01244] | INFO  | Registering hooks for 'C:\WINDOWS\system32\dxgi.dll' ...
2018-06-19T18:37:29:039 [01244] | INFO  | > Delayed.
2018-06-19T18:37:29:040 [01244] | INFO  | Registering hooks for 'C:\WINDOWS\system32\opengl32.dll' ...
2018-06-19T18:37:29:040 [01244] | INFO  | > Delayed.
2018-06-19T18:37:29:040 [01244] | INFO  | Registering hooks for 'C:\WINDOWS\system32\user32.dll' ...
2018-06-19T18:37:29:041 [01244] | INFO  | > Libraries loaded.
2018-06-19T18:37:29:041 [01244] | INFO  | > Dumping matches in export table:
2018-06-19T18:37:29:041 [01244] | INFO  |   +--------------------+---------+----------------------------------------------------+
2018-06-19T18:37:29:041 [01244] | INFO  |   | Address            | Ordinal | Name                                               |
2018-06-19T18:37:29:041 [01244] | INFO  |   +--------------------+---------+----------------------------------------------------+
2018-06-19T18:37:29:041 [01244] | INFO  |   | 0x7746A860         | 1828    | GetCursorPos                                       |
2018-06-19T18:37:29:041 [01244] | INFO  |   | 0x77468BD0         | 1894    | GetMessageA                                        |
2018-06-19T18:37:29:041 [01244] | INFO  |   | 0x7747A770         | 1898    | GetMessageW                                        |
2018-06-19T18:37:29:042 [01244] | INFO  |   | 0x77465A00         | 2197    | PeekMessageA                                       |
2018-06-19T18:37:29:042 [01244] | INFO  |   | 0x77478EC0         | 2198    | PeekMessageW                                       |
2018-06-19T18:37:29:042 [01244] | INFO  |   | 0x77468A10         | 2201    | PostMessageA                                       |
2018-06-19T18:37:29:042 [01244] | INFO  |   | 0x7747A660         | 2202    | PostMessageW                                       |
2018-06-19T18:37:29:042 [01244] | INFO  |   | 0x77464A80         | 2245    | RegisterClassA                                     |
2018-06-19T18:37:29:042 [01244] | INFO  |   | 0x77465310         | 2246    | RegisterClassExA                                   |
2018-06-19T18:37:29:042 [01244] | INFO  |   | 0x77471C80         | 2247    | RegisterClassExW                                   |
2018-06-19T18:37:29:042 [01244] | INFO  |   | 0x77471E10         | 2248    | RegisterClassW                                     |
2018-06-19T18:37:29:042 [01244] | INFO  |   | 0x7747CF00         | 2264    | RegisterRawInputDevices                            |
2018-06-19T18:37:29:042 [01244] | INFO  |   | 0x774C5960         | 2318    | SetCursorPos                                       |
2018-06-19T18:37:29:042 [01244] | INFO  |   +--------------------+---------+----------------------------------------------------+
2018-06-19T18:37:29:042 [01244] | INFO  | > Found 13 match(es). Installing ...
2018-06-19T18:37:29:042 [01244] | INFO  | Installing hook for 'GetCursorPos' at 0x7746A860 with 0x69894040 using method 1 ...
2018-06-19T18:37:29:042 [01244] | INFO  | > Succeeded.
2018-06-19T18:37:29:042 [01244] | INFO  | Installing hook for 'GetMessageA' at 0x77468BD0 with 0x69893610 using method 1 ...
2018-06-19T18:37:29:042 [01244] | INFO  | > Succeeded.
2018-06-19T18:37:29:042 [01244] | INFO  | Installing hook for 'GetMessageW' at 0x7747A770 with 0x698936B0 using method 1 ...
2018-06-19T18:37:29:042 [01244] | INFO  | > Succeeded.
2018-06-19T18:37:29:042 [01244] | INFO  | Installing hook for 'PeekMessageA' at 0x77465A00 with 0x69893750 using method 1 ...
2018-06-19T18:37:29:042 [01244] | INFO  | > Succeeded.
2018-06-19T18:37:29:042 [01244] | INFO  | Installing hook for 'PeekMessageW' at 0x77478EC0 with 0x698937F0 using method 1 ...
2018-06-19T18:37:29:042 [01244] | INFO  | > Succeeded.
2018-06-19T18:37:29:042 [01244] | INFO  | Installing hook for 'PostMessageA' at 0x77468A10 with 0x69893EC0 using method 1 ...
2018-06-19T18:37:29:042 [01244] | INFO  | > Succeeded.
2018-06-19T18:37:29:042 [01244] | INFO  | Installing hook for 'PostMessageW' at 0x7747A660 with 0x69893F40 using method 1 ...
2018-06-19T18:37:29:042 [01244] | INFO  | > Succeeded.
2018-06-19T18:37:29:042 [01244] | INFO  | Installing hook for 'RegisterClassA' at 0x77464A80 with 0x698D14F0 using method 1 ...
2018-06-19T18:37:29:042 [01244] | INFO  | > Succeeded.
2018-06-19T18:37:29:042 [01244] | INFO  | Installing hook for 'RegisterClassExA' at 0x77465310 with 0x698D17B0 using method 1 ...
2018-06-19T18:37:29:042 [01244] | INFO  | > Succeeded.
2018-06-19T18:37:29:042 [01244] | INFO  | Installing hook for 'RegisterClassExW' at 0x77471C80 with 0x698D1910 using method 1 ...
2018-06-19T18:37:29:042 [01244] | INFO  | > Succeeded.
2018-06-19T18:37:29:042 [01244] | INFO  | Installing hook for 'RegisterClassW' at 0x77471E10 with 0x698D1650 using method 1 ...
2018-06-19T18:37:29:042 [01244] | INFO  | > Succeeded.
2018-06-19T18:37:29:042 [01244] | INFO  | Installing hook for 'RegisterRawInputDevices' at 0x7747CF00 with 0x69893890 using method 1 ...
2018-06-19T18:37:29:042 [01244] | INFO  | > Succeeded.
2018-06-19T18:37:29:042 [01244] | INFO  | Installing hook for 'SetCursorPos' at 0x774C5960 with 0x69893FC0 using method 1 ...
2018-06-19T18:37:29:042 [01244] | INFO  | > Succeeded.
2018-06-19T18:37:29:072 [01244] | INFO  | Registering hooks for 'C:\WINDOWS\system32\ws2_32.dll' ...
2018-06-19T18:37:29:073 [01244] | INFO  | > Libraries loaded.
2018-06-19T18:37:29:073 [01244] | INFO  | > Dumping matches in export table:
2018-06-19T18:37:29:073 [01244] | INFO  |   +--------------------+---------+----------------------------------------------------+
2018-06-19T18:37:29:073 [01244] | INFO  |   | Address            | Ordinal | Name                                               |
2018-06-19T18:37:29:073 [01244] | INFO  |   +--------------------+---------+----------------------------------------------------+
2018-06-19T18:37:29:073 [01244] | INFO  |   | 0x74380040         | 91      | WSARecv                                            |
2018-06-19T18:37:29:073 [01244] | INFO  |   | 0x74389650         | 93      | WSARecvFrom                                        |
2018-06-19T18:37:29:073 [01244] | INFO  |   | 0x7437FD30         | 96      | WSASend                                            |
2018-06-19T18:37:29:073 [01244] | INFO  |   | 0x743AA3B0         | 99      | WSASendTo                                          |
2018-06-19T18:37:29:073 [01244] | INFO  |   | 0x7437E3A0         | 16      | recv                                               |
2018-06-19T18:37:29:073 [01244] | INFO  |   | 0x74385CF0         | 17      | recvfrom                                           |
2018-06-19T18:37:29:073 [01244] | INFO  |   | 0x74385FF0         | 19      | send                                               |
2018-06-19T18:37:29:073 [01244] | INFO  |   | 0x74386150         | 20      | sendto                                             |
2018-06-19T18:37:29:073 [01244] | INFO  |   +--------------------+---------+----------------------------------------------------+
2018-06-19T18:37:29:073 [01244] | INFO  | > Found 8 match(es). Installing ...
2018-06-19T18:37:29:073 [01244] | INFO  | Installing hook for 'WSARecv' at 0x74380040 with 0x698D1BA0 using method 1 ...
2018-06-19T18:37:29:073 [01244] | INFO  | > Succeeded.
2018-06-19T18:37:29:073 [01244] | INFO  | Installing hook for 'WSARecvFrom' at 0x74389650 with 0x698D1CB0 using method 1 ...
2018-06-19T18:37:29:073 [01244] | INFO  | > Succeeded.
2018-06-19T18:37:29:073 [01244] | INFO  | Installing hook for 'WSASend' at 0x7437FD30 with 0x698D1A70 using method 1 ...
2018-06-19T18:37:29:073 [01244] | INFO  | > Succeeded.
2018-06-19T18:37:29:073 [01244] | INFO  | Installing hook for 'WSASendTo' at 0x743AA3B0 with 0x698D1B00 using method 1 ...
2018-06-19T18:37:29:073 [01244] | INFO  | > Succeeded.
2018-06-19T18:37:29:073 [01244] | INFO  | Installing hook for 'recv' at 0x7437E3A0 with 0x698D1E40 using method 1 ...
2018-06-19T18:37:29:074 [01244] | INFO  | > Succeeded.
2018-06-19T18:37:29:074 [01244] | INFO  | Installing hook for 'recvfrom' at 0x74385CF0 with 0x698D1EC0 using method 1 ...
2018-06-19T18:37:29:074 [01244] | INFO  | > Succeeded.
2018-06-19T18:37:29:074 [01244] | INFO  | Installing hook for 'send' at 0x74385FF0 with 0x698D1D40 using method 1 ...
2018-06-19T18:37:29:074 [01244] | INFO  | > Succeeded.
2018-06-19T18:37:29:074 [01244] | INFO  | Installing hook for 'sendto' at 0x74386150 with 0x698D1DC0 using method 1 ...
2018-06-19T18:37:29:074 [01244] | INFO  | > Succeeded.
2018-06-19T18:37:29:108 [01244] | INFO  | Initialized.
2018-06-19T18:37:29:109 [01244] | INFO  | Redirecting 'Direct3DCreate9Ex(32, 0690F778)' ...
2018-06-19T18:37:29:111 [01244] | INFO  | Installing export hooks for 'C:\WINDOWS\system32\d3d9.dll' ...
2018-06-19T18:37:29:112 [01244] | INFO  | > Dumping matches in export table:
2018-06-19T18:37:29:112 [01244] | INFO  |   +--------------------+---------+----------------------------------------------------+
2018-06-19T18:37:29:112 [01244] | INFO  |   | Address            | Ordinal | Name                                               |
2018-06-19T18:37:29:112 [01244] | INFO  |   +--------------------+---------+----------------------------------------------------+
2018-06-19T18:37:29:112 [01244] | INFO  |   | 0x697989E0         | 27      | D3DPERF_BeginEvent                                 |
2018-06-19T18:37:29:112 [01244] | INFO  |   | 0x69798A30         | 28      | D3DPERF_EndEvent                                   |
2018-06-19T18:37:29:112 [01244] | INFO  |   | 0x69798A80         | 29      | D3DPERF_GetStatus                                  |
2018-06-19T18:37:29:112 [01244] | INFO  |   | 0x69798AA0         | 30      | D3DPERF_QueryRepeatFrame                           |
2018-06-19T18:37:29:112 [01244] | INFO  |   | 0x69798AD0         | 31      | D3DPERF_SetMarker                                  |
2018-06-19T18:37:29:112 [01244] | INFO  |   | 0x69798B20         | 32      | D3DPERF_SetOptions                                 |
2018-06-19T18:37:29:112 [01244] | INFO  |   | 0x69798B50         | 33      | D3DPERF_SetRegion                                  |
2018-06-19T18:37:29:112 [01244] | INFO  |   | 0x69753460         | 37      | Direct3DCreate9                                    |
2018-06-19T18:37:29:112 [01244] | INFO  |   | 0x69753490         | 38      | Direct3DCreate9Ex                                  |
2018-06-19T18:37:29:112 [01244] | INFO  |   +--------------------+---------+----------------------------------------------------+
2018-06-19T18:37:29:112 [01244] | INFO  | > Found 9 match(es). Installing ...
2018-06-19T18:37:29:112 [01244] | INFO  | Installing hook for 'D3DPERF_BeginEvent' at 0x697989E0 with 0x6987BA70 using method 0 ...
2018-06-19T18:37:29:112 [01244] | INFO  | > Succeeded.
2018-06-19T18:37:29:112 [01244] | INFO  | Installing hook for 'D3DPERF_EndEvent' at 0x69798A30 with 0x69866090 using method 0 ...
2018-06-19T18:37:29:112 [01244] | INFO  | > Succeeded.
2018-06-19T18:37:29:112 [01244] | INFO  | Installing hook for 'D3DPERF_GetStatus' at 0x69798A80 with 0x69866090 using method 0 ...
2018-06-19T18:37:29:112 [01244] | INFO  | > Succeeded.
2018-06-19T18:37:29:112 [01244] | INFO  | Installing hook for 'D3DPERF_QueryRepeatFrame' at 0x69798AA0 with 0x69866090 using method 0 ...
2018-06-19T18:37:29:112 [01244] | INFO  | > Succeeded.
2018-06-19T18:37:29:112 [01244] | INFO  | Installing hook for 'D3DPERF_SetMarker' at 0x69798AD0 with 0x6987BA80 using method 0 ...
2018-06-19T18:37:29:112 [01244] | INFO  | > Succeeded.
2018-06-19T18:37:29:112 [01244] | INFO  | Installing hook for 'D3DPERF_SetOptions' at 0x69798B20 with 0x69866080 using method 0 ...
2018-06-19T18:37:29:112 [01244] | INFO  | > Succeeded.
2018-06-19T18:37:29:112 [01244] | INFO  | Installing hook for 'D3DPERF_SetRegion' at 0x69798B50 with 0x6987BA80 using method 0 ...
2018-06-19T18:37:29:112 [01244] | INFO  | > Succeeded.
2018-06-19T18:37:29:112 [01244] | INFO  | Installing hook for 'Direct3DCreate9' at 0x69753460 with 0x6987BA90 using method 0 ...
2018-06-19T18:37:29:112 [01244] | INFO  | > Succeeded.
2018-06-19T18:37:29:112 [01244] | INFO  | Installing hook for 'Direct3DCreate9Ex' at 0x69753490 with 0x6987BBE0 using method 0 ...
2018-06-19T18:37:29:112 [01244] | INFO  | > Succeeded.
2018-06-19T18:37:29:143 [01244] | INFO  | Installing hook for 'IDirect3D9::CreateDevice' at 0x6971F070 with 0x6987AF60 using method 2 ...
2018-06-19T18:37:29:143 [01244] | INFO  | > Succeeded.
2018-06-19T18:37:29:143 [01244] | INFO  | Installing hook for 'IDirect3D9Ex::CreateDeviceEx' at 0x6971F1A0 with 0x6987B4F0 using method 2 ...
2018-06-19T18:37:29:143 [01244] | INFO  | > Succeeded.
2018-06-19T18:37:29:143 [01244] | INFO  | Returning 'IDirect3D9Ex' object 066EC580
2018-06-19T18:37:29:342 [10248] | INFO  | Redirecting 'RegisterClassExW(00D3E9D0)' ...
2018-06-19T18:37:29:342 [10248] | INFO  | > Adding 'CS_OWNDC' window class style flag to 'HwndWrapper[Windower.exe;;62ef1080-d726-4c66-b56a-1dec3e9e8fc4]'.
2018-06-19T18:37:29:344 [10248] | INFO  | Redirecting 'RegisterClassExW(00D3E844)' ...
2018-06-19T18:37:29:344 [10248] | INFO  | > Adding 'CS_OWNDC' window class style flag to 'HwndWrapper[Windower.exe;;0fd620e8-d757-4e7d-adf5-bc123abd6ecf]'.
2018-06-19T18:37:29:361 [10248] | INFO  | Installing delayed hooks for 'C:\WINDOWS\system32\d3d11.dll' (Just loaded via 'LoadLibraryA("api-ms-win-core-winrt-string-l1-1-0.dll")') ...
2018-06-19T18:37:29:361 [10248] | INFO  | > Dumping matches in export table:
2018-06-19T18:37:29:361 [10248] | INFO  |   +--------------------+---------+----------------------------------------------------+
2018-06-19T18:37:29:361 [10248] | INFO  |   | Address            | Ordinal | Name                                               |
2018-06-19T18:37:29:361 [10248] | INFO  |   +--------------------+---------+----------------------------------------------------+
2018-06-19T18:37:29:361 [10248] | INFO  |   | 0x6844E150         | 22      | D3D11CreateDevice                                  |
2018-06-19T18:37:29:361 [10248] | INFO  |   | 0x6844E260         | 23      | D3D11CreateDeviceAndSwapChain                      |
2018-06-19T18:37:29:362 [10248] | INFO  |   +--------------------+---------+----------------------------------------------------+
2018-06-19T18:37:29:362 [10248] | INFO  | > Found 2 match(es). Installing ...
2018-06-19T18:37:29:362 [10248] | INFO  | Installing hook for 'D3D11CreateDevice' at 0x6844E150 with 0x6986EBF0 using method 1 ...
2018-06-19T18:37:29:362 [10248] | INFO  | > Succeeded.
2018-06-19T18:37:29:362 [10248] | INFO  | Installing hook for 'D3D11CreateDeviceAndSwapChain' at 0x6844E260 with 0x6986EE30 using method 1 ...
2018-06-19T18:37:29:362 [10248] | INFO  | > Succeeded.
2018-06-19T18:37:29:394 [10248] | INFO  | Installing delayed hooks for 'C:\WINDOWS\system32\dxgi.dll' (Just loaded via 'LoadLibraryA("api-ms-win-core-winrt-string-l1-1-0.dll")') ...
2018-06-19T18:37:29:394 [10248] | INFO  | > Dumping matches in export table:
2018-06-19T18:37:29:394 [10248] | INFO  |   +--------------------+---------+----------------------------------------------------+
2018-06-19T18:37:29:394 [10248] | INFO  |   | Address            | Ordinal | Name                                               |
2018-06-19T18:37:29:394 [10248] | INFO  |   +--------------------+---------+----------------------------------------------------+
2018-06-19T18:37:29:394 [10248] | INFO  |   | 0x7317A660         | 13      | CreateDXGIFactory                                  |
2018-06-19T18:37:29:394 [10248] | INFO  |   | 0x73175770         | 11      | CreateDXGIFactory1                                 |
2018-06-19T18:37:29:394 [10248] | INFO  |   | 0x73162150         | 12      | CreateDXGIFactory2                                 |
2018-06-19T18:37:29:394 [10248] | INFO  |   | 0x731A7CB0         | 14      | DXGID3D10CreateDevice                              |
2018-06-19T18:37:29:394 [10248] | INFO  |   | 0x7317B1E0         | 15      | DXGID3D10CreateLayeredDevice                       |
2018-06-19T18:37:29:394 [10248] | INFO  |   | 0x7317B170         | 17      | DXGID3D10GetLayeredDeviceSize                      |
2018-06-19T18:37:29:394 [10248] | INFO  |   | 0x7317AFA0         | 18      | DXGID3D10RegisterLayers                            |
2018-06-19T18:37:29:394 [10248] | INFO  |   +--------------------+---------+----------------------------------------------------+
2018-06-19T18:37:29:394 [10248] | INFO  | > Found 7 match(es). Installing ...
2018-06-19T18:37:29:394 [10248] | INFO  | Installing hook for 'CreateDXGIFactory' at 0x7317A660 with 0x698AC040 using method 1 ...
2018-06-19T18:37:29:394 [10248] | INFO  | > Succeeded.
2018-06-19T18:37:29:394 [10248] | INFO  | Installing hook for 'CreateDXGIFactory1' at 0x73175770 with 0x698AC140 using method 1 ...
2018-06-19T18:37:29:394 [10248] | INFO  | > Succeeded.
2018-06-19T18:37:29:394 [10248] | INFO  | Installing hook for 'CreateDXGIFactory2' at 0x73162150 with 0x698AC360 using method 1 ...
2018-06-19T18:37:29:394 [10248] | INFO  | > Succeeded.
2018-06-19T18:37:29:395 [10248] | INFO  | Installing hook for 'DXGID3D10CreateDevice' at 0x731A7CB0 with 0x698AC000 using method 1 ...
2018-06-19T18:37:29:395 [10248] | INFO  | > Succeeded.
2018-06-19T18:37:29:395 [10248] | INFO  | Installing hook for 'DXGID3D10CreateLayeredDevice' at 0x7317B1E0 with 0x698AC010 using method 1 ...
2018-06-19T18:37:29:395 [10248] | INFO  | > Succeeded.
2018-06-19T18:37:29:395 [10248] | INFO  | Installing hook for 'DXGID3D10GetLayeredDeviceSize' at 0x7317B170 with 0x698AC000 using method 1 ...
2018-06-19T18:37:29:395 [10248] | INFO  | > Succeeded.
2018-06-19T18:37:29:395 [10248] | INFO  | Installing hook for 'DXGID3D10RegisterLayers' at 0x7317AFA0 with 0x698AC000 using method 1 ...
2018-06-19T18:37:29:395 [10248] | INFO  | > Succeeded.
2018-06-19T18:37:29:514 [10248] | INFO  | Redirecting 'RegisterClassExW(00D3EB64)' ...
2018-06-19T18:37:29:514 [10248] | INFO  | > Adding 'CS_OWNDC' window class style flag to 'HwndWrapper[Windower.exe;;30d6f220-9dc4-458e-afb7-b35dfbeea3ad]'.
2018-06-19T18:46:51:634 [01244] | INFO  | Exiting ...
2018-06-19T18:46:51:634 [01244] | INFO  | Uninstalling 45 hook(s) ...
2018-06-19T18:46:51:649 [01244] | INFO  | Uninstalling hook for 'LoadLibraryA' ...
2018-06-19T18:46:51:649 [01244] | INFO  | > Succeeded.
2018-06-19T18:46:51:649 [01244] | INFO  | Uninstalling hook for 'LoadLibraryExA' ...
2018-06-19T18:46:51:649 [01244] | INFO  | > Succeeded.
2018-06-19T18:46:51:649 [01244] | INFO  | Uninstalling hook for 'LoadLibraryW' ...
2018-06-19T18:46:51:649 [01244] | INFO  | > Succeeded.
2018-06-19T18:46:51:649 [01244] | INFO  | Uninstalling hook for 'LoadLibraryExW' ...
2018-06-19T18:46:51:649 [01244] | INFO  | > Succeeded.
2018-06-19T18:46:51:649 [01244] | INFO  | Uninstalling hook for 'GetCursorPos' ...
2018-06-19T18:46:51:649 [01244] | INFO  | > Succeeded.
2018-06-19T18:46:51:649 [01244] | INFO  | Uninstalling hook for 'GetMessageA' ...
2018-06-19T18:46:51:649 [01244] | INFO  | > Succeeded.
2018-06-19T18:46:51:649 [01244] | INFO  | Uninstalling hook for 'GetMessageW' ...
2018-06-19T18:46:51:649 [01244] | INFO  | > Succeeded.
2018-06-19T18:46:51:649 [01244] | INFO  | Uninstalling hook for 'PeekMessageA' ...
2018-06-19T18:46:51:649 [01244] | INFO  | > Succeeded.
2018-06-19T18:46:51:649 [01244] | INFO  | Uninstalling hook for 'PeekMessageW' ...
2018-06-19T18:46:51:649 [01244] | INFO  | > Succeeded.
2018-06-19T18:46:51:649 [01244] | INFO  | Uninstalling hook for 'PostMessageA' ...
2018-06-19T18:46:51:649 [01244] | INFO  | > Succeeded.
2018-06-19T18:46:51:649 [01244] | INFO  | Uninstalling hook for 'PostMessageW' ...
2018-06-19T18:46:51:649 [01244] | INFO  | > Succeeded.
2018-06-19T18:46:51:649 [01244] | INFO  | Uninstalling hook for 'RegisterClassA' ...
2018-06-19T18:46:51:649 [01244] | INFO  | > Succeeded.
2018-06-19T18:46:51:649 [01244] | INFO  | Uninstalling hook for 'RegisterClassExA' ...
2018-06-19T18:46:51:649 [01244] | INFO  | > Succeeded.
2018-06-19T18:46:51:649 [01244] | INFO  | Uninstalling hook for 'RegisterClassExW' ...
2018-06-19T18:46:51:649 [01244] | INFO  | > Succeeded.
2018-06-19T18:46:51:649 [01244] | INFO  | Uninstalling hook for 'RegisterClassW' ...
2018-06-19T18:46:51:649 [01244] | INFO  | > Succeeded.
2018-06-19T18:46:51:649 [01244] | INFO  | Uninstalling hook for 'RegisterRawInputDevices' ...
2018-06-19T18:46:51:649 [01244] | INFO  | > Succeeded.
2018-06-19T18:46:51:649 [01244] | INFO  | Uninstalling hook for 'SetCursorPos' ...
2018-06-19T18:46:51:649 [01244] | INFO  | > Succeeded.
2018-06-19T18:46:51:649 [01244] | INFO  | Uninstalling hook for 'WSARecv' ...
2018-06-19T18:46:51:649 [01244] | INFO  | > Succeeded.
2018-06-19T18:46:51:649 [01244] | INFO  | Uninstalling hook for 'WSARecvFrom' ...
2018-06-19T18:46:51:649 [01244] | INFO  | > Succeeded.
2018-06-19T18:46:51:649 [01244] | INFO  | Uninstalling hook for 'WSASend' ...
2018-06-19T18:46:51:649 [01244] | INFO  | > Succeeded.
2018-06-19T18:46:51:649 [01244] | INFO  | Uninstalling hook for 'WSASendTo' ...
2018-06-19T18:46:51:649 [01244] | INFO  | > Succeeded.
2018-06-19T18:46:51:649 [01244] | INFO  | Uninstalling hook for 'recv' ...
2018-06-19T18:46:51:649 [01244] | INFO  | > Succeeded.
2018-06-19T18:46:51:649 [01244] | INFO  | Uninstalling hook for 'recvfrom' ...
2018-06-19T18:46:51:649 [01244] | INFO  | > Succeeded.
2018-06-19T18:46:51:649 [01244] | INFO  | Uninstalling hook for 'send' ...
2018-06-19T18:46:51:649 [01244] | INFO  | > Succeeded.
2018-06-19T18:46:51:649 [01244] | INFO  | Uninstalling hook for 'sendto' ...
2018-06-19T18:46:51:649 [01244] | INFO  | > Succeeded.
2018-06-19T18:46:51:649 [01244] | INFO  | Uninstalling hook for 'D3DPERF_BeginEvent' ...
2018-06-19T18:46:51:649 [01244] | INFO  | > Skipped.
2018-06-19T18:46:51:649 [01244] | INFO  | Uninstalling hook for 'D3DPERF_EndEvent' ...
2018-06-19T18:46:51:649 [01244] | INFO  | > Skipped.
2018-06-19T18:46:51:649 [01244] | INFO  | Uninstalling hook for 'D3DPERF_GetStatus' ...
2018-06-19T18:46:51:649 [01244] | INFO  | > Skipped.
2018-06-19T18:46:51:649 [01244] | INFO  | Uninstalling hook for 'D3DPERF_QueryRepeatFrame' ...
2018-06-19T18:46:51:649 [01244] | INFO  | > Skipped.
2018-06-19T18:46:51:649 [01244] | INFO  | Uninstalling hook for 'D3DPERF_SetMarker' ...
2018-06-19T18:46:51:649 [01244] | INFO  | > Skipped.
2018-06-19T18:46:51:649 [01244] | INFO  | Uninstalling hook for 'D3DPERF_SetOptions' ...
2018-06-19T18:46:51:649 [01244] | INFO  | > Skipped.
2018-06-19T18:46:51:649 [01244] | INFO  | Uninstalling hook for 'D3DPERF_SetRegion' ...
2018-06-19T18:46:51:649 [01244] | INFO  | > Skipped.
2018-06-19T18:46:51:649 [01244] | INFO  | Uninstalling hook for 'Direct3DCreate9' ...
2018-06-19T18:46:51:649 [01244] | INFO  | > Skipped.
2018-06-19T18:46:51:649 [01244] | INFO  | Uninstalling hook for 'Direct3DCreate9Ex' ...
2018-06-19T18:46:51:649 [01244] | INFO  | > Skipped.
2018-06-19T18:46:51:649 [01244] | INFO  | Uninstalling hook for 'IDirect3D9::CreateDevice' ...
2018-06-19T18:46:51:649 [01244] | INFO  | > Succeeded.
2018-06-19T18:46:51:649 [01244] | INFO  | Uninstalling hook for 'IDirect3D9Ex::CreateDeviceEx' ...
2018-06-19T18:46:51:649 [01244] | INFO  | > Succeeded.
2018-06-19T18:46:51:649 [01244] | INFO  | Uninstalling hook for 'D3D11CreateDevice' ...
2018-06-19T18:46:51:649 [01244] | INFO  | > Succeeded.
2018-06-19T18:46:51:649 [01244] | INFO  | Uninstalling hook for 'D3D11CreateDeviceAndSwapChain' ...
2018-06-19T18:46:51:649 [01244] | INFO  | > Succeeded.
2018-06-19T18:46:51:649 [01244] | INFO  | Uninstalling hook for 'CreateDXGIFactory' ...
2018-06-19T18:46:51:649 [01244] | INFO  | > Succeeded.
2018-06-19T18:46:51:649 [01244] | INFO  | Uninstalling hook for 'CreateDXGIFactory1' ...
2018-06-19T18:46:51:649 [01244] | INFO  | > Succeeded.
2018-06-19T18:46:51:649 [01244] | INFO  | Uninstalling hook for 'CreateDXGIFactory2' ...
2018-06-19T18:46:51:649 [01244] | INFO  | > Succeeded.
2018-06-19T18:46:51:649 [01244] | INFO  | Uninstalling hook for 'DXGID3D10CreateDevice' ...
2018-06-19T18:46:51:649 [01244] | INFO  | > Succeeded.
2018-06-19T18:46:51:649 [01244] | INFO  | Uninstalling hook for 'DXGID3D10CreateLayeredDevice' ...
2018-06-19T18:46:51:649 [01244] | INFO  | > Succeeded.
2018-06-19T18:46:51:649 [01244] | INFO  | Uninstalling hook for 'DXGID3D10GetLayeredDeviceSize' ...
2018-06-19T18:46:51:649 [01244] | INFO  | > Succeeded.
2018-06-19T18:46:51:649 [01244] | INFO  | Uninstalling hook for 'DXGID3D10RegisterLayers' ...
2018-06-19T18:46:51:649 [01244] | INFO  | > Succeeded.
2018-06-19T18:46:51:649 [01244] | INFO  | Exited.
